Connecting to database specified by database.yml
Connecting to database specified by database.yml
Connecting to database specified by database.yml
Connecting to database specified by database.yml
Connecting to database specified by database.yml
Connecting to database specified by database.yml
Connecting to database specified by database.yml
Connecting to database specified by database.yml
Connecting to database specified by database.yml
Connecting to database specified by database.yml
Connecting to database specified by database.yml
Connecting to database specified by database.yml
Connecting to database specified by database.yml
Connecting to database specified by database.yml
  [1m[36m (0.1ms)[0m  [1mselect sqlite_version(*)[0m
  [1m[35m (3.0ms)[0m  CREATE TABLE "schema_migrations" ("version" varchar(255) NOT NULL) 
  [1m[36m (0.0ms)[0m  [1mPRAGMA index_list("schema_migrations")[0m
  [1m[35m (1.0ms)[0m  CREATE UNIQUE INDEX "unique_schema_migrations" ON "schema_migrations" ("version")
  [1m[36m (0.1ms)[0m  [1mSELECT "schema_migrations"."version" FROM "schema_migrations" [0m
Migrating to DeviseCreateUsers (20120808044806)
  [1m[35m (0.0ms)[0m  begin transaction
  [1m[36m (0.6ms)[0m  [1mCREATE TABLE "users" ("id" INTEGER PRIMARY KEY AUTOINCREMENT NOT NULL, "email" varchar(255) DEFAULT '' NOT NULL, "encrypted_password" varchar(255) DEFAULT '' NOT NULL, "reset_password_token" varchar(255), "reset_password_sent_at" datetime, "remember_created_at" datetime, "sign_in_count" integer DEFAULT 0, "current_sign_in_at" datetime, "last_sign_in_at" datetime, "current_sign_in_ip" varchar(255), "last_sign_in_ip" varchar(255), "created_at" datetime NOT NULL, "updated_at" datetime NOT NULL) [0m
  [1m[35m (0.1ms)[0m  PRAGMA index_list("users")
  [1m[36m (0.3ms)[0m  [1mCREATE UNIQUE INDEX "index_users_on_email" ON "users" ("email")[0m
  [1m[35m (0.1ms)[0m  PRAGMA index_list("users")
  [1m[36m (0.0ms)[0m  [1mPRAGMA index_info('index_users_on_email')[0m
  [1m[35m (0.1ms)[0m  CREATE UNIQUE INDEX "index_users_on_reset_password_token" ON "users" ("reset_password_token")
  [1m[36m (0.1ms)[0m  [1mINSERT INTO "schema_migrations" ("version") VALUES ('20120808044806')[0m
  [1m[35m (0.9ms)[0m  commit transaction
Migrating to RolifyCreateRoles (20120808044811)
  [1m[36m (0.0ms)[0m  [1mbegin transaction[0m
  [1m[35m (0.4ms)[0m  CREATE TABLE "roles" ("id" INTEGER PRIMARY KEY AUTOINCREMENT NOT NULL, "name" varchar(255), "resource_id" integer, "resource_type" varchar(255), "created_at" datetime NOT NULL, "updated_at" datetime NOT NULL) 
  [1m[36m (0.1ms)[0m  [1mCREATE TABLE "users_roles" ("user_id" integer, "role_id" integer) [0m
  [1m[35m (0.0ms)[0m  PRAGMA index_list("roles")
  [1m[36m (0.1ms)[0m  [1mCREATE INDEX "index_roles_on_name" ON "roles" ("name")[0m
  [1m[35m (0.1ms)[0m  PRAGMA index_list("roles")
  [1m[36m (0.0ms)[0m  [1mPRAGMA index_info('index_roles_on_name')[0m
  [1m[35m (0.1ms)[0m  CREATE INDEX "index_roles_on_name_and_resource_type_and_resource_id" ON "roles" ("name", "resource_type", "resource_id")
  [1m[36m (0.0ms)[0m  [1mPRAGMA index_list("users_roles")[0m
  [1m[35m (0.1ms)[0m  CREATE INDEX "index_users_roles_on_user_id_and_role_id" ON "users_roles" ("user_id", "role_id")
  [1m[36m (0.1ms)[0m  [1mINSERT INTO "schema_migrations" ("version") VALUES ('20120808044811')[0m
  [1m[35m (0.9ms)[0m  commit transaction
Migrating to AddNameToUsers (20120808044813)
  [1m[36m (0.0ms)[0m  [1mbegin transaction[0m
  [1m[35m (0.4ms)[0m  ALTER TABLE "users" ADD "name" varchar(255)
  [1m[36m (0.1ms)[0m  [1mINSERT INTO "schema_migrations" ("version") VALUES ('20120808044813')[0m
  [1m[35m (0.8ms)[0m  commit transaction
Migrating to AddConfirmableToUsers (20120808044816)
  [1m[36m (0.1ms)[0m  [1mbegin transaction[0m
  [1m[35m (0.4ms)[0m  ALTER TABLE "users" ADD "confirmation_token" varchar(255)
  [1m[36m (0.2ms)[0m  [1mALTER TABLE "users" ADD "confirmed_at" datetime[0m
  [1m[35m (0.2ms)[0m  ALTER TABLE "users" ADD "confirmation_sent_at" datetime
  [1m[36m (0.2ms)[0m  [1mALTER TABLE "users" ADD "unconfirmed_email" varchar(255)[0m
  [1m[35m (0.1ms)[0m  INSERT INTO "schema_migrations" ("version") VALUES ('20120808044816')
  [1m[36m (0.7ms)[0m  [1mcommit transaction[0m
  [1m[35m (0.3ms)[0m  select sqlite_version(*)
  [1m[36m (0.1ms)[0m  [1mSELECT "schema_migrations"."version" FROM "schema_migrations" [0m
  [1m[35m (0.0ms)[0m  PRAGMA index_list("roles")
  [1m[36m (0.1ms)[0m  [1mPRAGMA index_info('index_roles_on_name_and_resource_type_and_resource_id')[0m
  [1m[35m (0.0ms)[0m  PRAGMA index_info('index_roles_on_name')
  [1m[36m (0.0ms)[0m  [1mPRAGMA index_list("users")[0m
  [1m[35m (0.0ms)[0m  PRAGMA index_info('index_users_on_reset_password_token')
  [1m[36m (0.0ms)[0m  [1mPRAGMA index_info('index_users_on_email')[0m
  [1m[35m (0.0ms)[0m  PRAGMA index_list("users_roles")
  [1m[36m (0.0ms)[0m  [1mPRAGMA index_info('index_users_roles_on_user_id_and_role_id')[0m
Connecting to database specified by database.yml
  [1m[36m (0.1ms)[0m  [1mSELECT "schema_migrations"."version" FROM "schema_migrations" [0m
  [1m[35m (0.2ms)[0m  select sqlite_version(*)
  [1m[36m (3.1ms)[0m  [1mCREATE TABLE "roles" ("id" INTEGER PRIMARY KEY AUTOINCREMENT NOT NULL, "name" varchar(255), "resource_id" integer, "resource_type" varchar(255), "created_at" datetime NOT NULL, "updated_at" datetime NOT NULL) [0m
  [1m[35m (0.1ms)[0m  PRAGMA index_list("roles")
  [1m[36m (1.1ms)[0m  [1mCREATE INDEX "index_roles_on_name_and_resource_type_and_resource_id" ON "roles" ("name", "resource_type", "resource_id")[0m
  [1m[35m (0.0ms)[0m  PRAGMA index_list("roles")
  [1m[36m (0.0ms)[0m  [1mPRAGMA index_info('index_roles_on_name_and_resource_type_and_resource_id')[0m
  [1m[35m (1.0ms)[0m  CREATE INDEX "index_roles_on_name" ON "roles" ("name")
  [1m[36m (2.4ms)[0m  [1mCREATE TABLE "users" ("id" INTEGER PRIMARY KEY AUTOINCREMENT NOT NULL, "email" varchar(255) DEFAULT '' NOT NULL, "encrypted_password" varchar(255) DEFAULT '' NOT NULL, "reset_password_token" varchar(255), "reset_password_sent_at" datetime, "remember_created_at" datetime, "sign_in_count" integer DEFAULT 0, "current_sign_in_at" datetime, "last_sign_in_at" datetime, "current_sign_in_ip" varchar(255), "last_sign_in_ip" varchar(255), "created_at" datetime NOT NULL, "updated_at" datetime NOT NULL, "name" varchar(255), "confirmation_token" varchar(255), "confirmed_at" datetime, "confirmation_sent_at" datetime, "unconfirmed_email" varchar(255)) [0m
  [1m[35m (0.1ms)[0m  PRAGMA index_list("users")
  [1m[36m (1.0ms)[0m  [1mCREATE UNIQUE INDEX "index_users_on_email" ON "users" ("email")[0m
  [1m[35m (0.0ms)[0m  PRAGMA index_list("users")
  [1m[36m (0.0ms)[0m  [1mPRAGMA index_info('index_users_on_email')[0m
  [1m[35m (1.0ms)[0m  CREATE UNIQUE INDEX "index_users_on_reset_password_token" ON "users" ("reset_password_token")
  [1m[36m (0.9ms)[0m  [1mCREATE TABLE "users_roles" ("user_id" integer, "role_id" integer) [0m
  [1m[35m (0.0ms)[0m  PRAGMA index_list("users_roles")
  [1m[36m (0.9ms)[0m  [1mCREATE INDEX "index_users_roles_on_user_id_and_role_id" ON "users_roles" ("user_id", "role_id")[0m
  [1m[35m (0.7ms)[0m  CREATE TABLE "schema_migrations" ("version" varchar(255) NOT NULL) 
  [1m[36m (0.0ms)[0m  [1mPRAGMA index_list("schema_migrations")[0m
  [1m[35m (0.7ms)[0m  CREATE UNIQUE INDEX "unique_schema_migrations" ON "schema_migrations" ("version")
  [1m[36m (0.1ms)[0m  [1mSELECT version FROM "schema_migrations"[0m
  [1m[35m (1.0ms)[0m  INSERT INTO "schema_migrations" (version) VALUES ('20120808044816')
  [1m[36m (0.8ms)[0m  [1mINSERT INTO "schema_migrations" (version) VALUES ('20120808044806')[0m
  [1m[35m (0.7ms)[0m  INSERT INTO "schema_migrations" (version) VALUES ('20120808044811')
  [1m[36m (0.6ms)[0m  [1mINSERT INTO "schema_migrations" (version) VALUES ('20120808044813')[0m
Connecting to database specified by database.yml
  [1m[36m (0.1ms)[0m  [1mSELECT "schema_migrations"."version" FROM "schema_migrations" [0m
  [1m[35m (0.1ms)[0m  begin transaction
  [1m[36mUser Exists (0.3ms)[0m  [1mSELECT 1 AS one FROM "users" WHERE "users"."email" = 'user@example.com' LIMIT 1[0m
Binary data inserted for `string` type on column `encrypted_password`
  [1m[35mSQL (2.7ms)[0m  INSERT INTO "users" ("confirmation_sent_at", "confirmation_token", "confirmed_at", "created_at", "current_sign_in_at", "current_sign_in_ip", "email", "encrypted_password", "last_sign_in_at", "last_sign_in_ip", "name", "remember_created_at", "reset_password_sent_at", "reset_password_token", "sign_in_count", "unconfirmed_email", "updated_at") VALUES (?, ?, ?, ?, ?, ?, ?, ?, ?, ?, ?, ?, ?, ?, ?, ?, ?)  [["confirmation_sent_at", nil], ["confirmation_token", nil], ["confirmed_at", Wed, 08 Aug 2012 04:48:40 UTC +00:00], ["created_at", Wed, 08 Aug 2012 04:48:40 UTC +00:00], ["current_sign_in_at", nil], ["current_sign_in_ip", nil], ["email", "user@example.com"], ["encrypted_password", "$2a$10$TiHBip7Y8RguLPvrNsREAeM0K1nI6P5/Kw.rLmN6cf3zpH8nO9V.K"], ["last_sign_in_at", nil], ["last_sign_in_ip", nil], ["name", "First User"], ["remember_created_at", nil], ["reset_password_sent_at", nil], ["reset_password_token", nil], ["sign_in_count", 0], ["unconfirmed_email", nil], ["updated_at", Wed, 08 Aug 2012 04:48:40 UTC +00:00]]
  [1m[36m (0.5ms)[0m  [1mcommit transaction[0m
  [1m[35m (0.1ms)[0m  begin transaction
  [1m[36mUser Exists (0.2ms)[0m  [1mSELECT 1 AS one FROM "users" WHERE "users"."email" = 'user2@example.com' LIMIT 1[0m
Binary data inserted for `string` type on column `encrypted_password`
  [1m[35mSQL (0.5ms)[0m  INSERT INTO "users" ("confirmation_sent_at", "confirmation_token", "confirmed_at", "created_at", "current_sign_in_at", "current_sign_in_ip", "email", "encrypted_password", "last_sign_in_at", "last_sign_in_ip", "name", "remember_created_at", "reset_password_sent_at", "reset_password_token", "sign_in_count", "unconfirmed_email", "updated_at") VALUES (?, ?, ?, ?, ?, ?, ?, ?, ?, ?, ?, ?, ?, ?, ?, ?, ?)  [["confirmation_sent_at", nil], ["confirmation_token", nil], ["confirmed_at", Wed, 08 Aug 2012 04:48:40 UTC +00:00], ["created_at", Wed, 08 Aug 2012 04:48:40 UTC +00:00], ["current_sign_in_at", nil], ["current_sign_in_ip", nil], ["email", "user2@example.com"], ["encrypted_password", "$2a$10$M4CqVEEoWabO4lRc7pmQ7u0c9naWLRYgjIhMeO3oizEMGVy474Cj."], ["last_sign_in_at", nil], ["last_sign_in_ip", nil], ["name", "Second User"], ["remember_created_at", nil], ["reset_password_sent_at", nil], ["reset_password_token", nil], ["sign_in_count", 0], ["unconfirmed_email", nil], ["updated_at", Wed, 08 Aug 2012 04:48:40 UTC +00:00]]
  [1m[36m (1.9ms)[0m  [1mcommit transaction[0m
  [1m[35mRole Load (0.3ms)[0m  SELECT "roles".* FROM "roles" WHERE "roles"."name" = 'admin' AND "roles"."resource_type" IS NULL AND "roles"."resource_id" IS NULL LIMIT 1
  [1m[36m (0.1ms)[0m  [1mbegin transaction[0m
  [1m[35mSQL (0.7ms)[0m  INSERT INTO "roles" ("created_at", "name", "resource_id", "resource_type", "updated_at") VALUES (?, ?, ?, ?, ?)  [["created_at", Wed, 08 Aug 2012 04:48:40 UTC +00:00], ["name", :admin], ["resource_id", nil], ["resource_type", nil], ["updated_at", Wed, 08 Aug 2012 04:48:40 UTC +00:00]]
  [1m[36m (0.7ms)[0m  [1mcommit transaction[0m
  [1m[35mRole Exists (0.1ms)[0m  SELECT 1 AS one FROM "roles" INNER JOIN "users_roles" ON "roles"."id" = "users_roles"."role_id" WHERE "users_roles"."user_id" = 1 AND "roles"."id" = 1 LIMIT 1
  [1m[36m (0.3ms)[0m  [1mSELECT "roles".id FROM "roles" INNER JOIN "users_roles" ON "roles"."id" = "users_roles"."role_id" WHERE "users_roles"."user_id" = 1[0m
  [1m[35mRole Load (0.2ms)[0m  SELECT "roles".* FROM "roles" WHERE "roles"."id" = ? LIMIT 1  [["id", 1]]
  [1m[36mRole Load (0.2ms)[0m  [1mSELECT "roles".* FROM "roles" INNER JOIN "users_roles" ON "roles"."id" = "users_roles"."role_id" WHERE "users_roles"."user_id" = 1[0m
  [1m[35m (0.1ms)[0m  begin transaction
  [1m[36m (0.3ms)[0m  [1mINSERT INTO "users_roles" ("user_id", "role_id") VALUES (1, 1)[0m
  [1m[35m (0.6ms)[0m  commit transaction
Connecting to database specified by database.yml


Started GET "/" for 127.0.0.1 at 2012-08-07 23:49:52 -0500
Processing by HomeController#index as HTML
  [1m[36mUser Load (0.2ms)[0m  [1mSELECT "users".* FROM "users" [0m
  Rendered home/index.html.haml within layouts/application (3.6ms)
Compiled bootstrap_and_overrides.css  (1742ms)  (pid 13983)
Compiled home.css  (2ms)  (pid 13983)
Compiled users.css  (1ms)  (pid 13983)
Compiled application.css  (1794ms)  (pid 13983)
Compiled jquery.js  (2ms)  (pid 13983)
Compiled jquery_ujs.js  (0ms)  (pid 13983)
Compiled bootstrap-transition.js  (0ms)  (pid 13983)
Compiled bootstrap-alert.js  (0ms)  (pid 13983)
Compiled bootstrap-button.js  (0ms)  (pid 13983)
Compiled bootstrap-carousel.js  (0ms)  (pid 13983)
Compiled bootstrap-collapse.js  (0ms)  (pid 13983)
Compiled bootstrap-dropdown.js  (0ms)  (pid 13983)
Compiled bootstrap-modal.js  (0ms)  (pid 13983)
Compiled bootstrap-scrollspy.js  (0ms)  (pid 13983)
Compiled bootstrap-tab.js  (0ms)  (pid 13983)
Compiled bootstrap-tooltip.js  (0ms)  (pid 13983)
Compiled bootstrap-popover.js  (0ms)  (pid 13983)
Compiled bootstrap-typeahead.js  (0ms)  (pid 13983)
Compiled bootstrap.js  (164ms)  (pid 13983)
Compiled home.js  (61ms)  (pid 13983)
Compiled users.js  (60ms)  (pid 13983)
Compiled application.js  (381ms)  (pid 13983)
  Rendered layouts/_navigation.html.haml (3.9ms)
  Rendered layouts/_messages.html.haml (1.3ms)
Completed 200 OK in 2454ms (Views: 2360.0ms | ActiveRecord: 4.0ms)


Started GET "/assets/bootstrap_and_overrides.css?body=1" for 127.0.0.1 at 2012-08-07 23:49:55 -0500
Served asset /bootstrap_and_overrides.css - 200 OK (13ms)


Started GET "/assets/application.css?body=1" for 127.0.0.1 at 2012-08-07 23:49:55 -0500
Served asset /application.css - 200 OK (18ms)


Started GET "/assets/home.css?body=1" for 127.0.0.1 at 2012-08-07 23:49:55 -0500
Served asset /home.css - 200 OK (1ms)


Started GET "/assets/jquery.js?body=1" for 127.0.0.1 at 2012-08-07 23:49:55 -0500
Served asset /jquery.js - 200 OK (4ms)


Started GET "/assets/users.css?body=1" for 127.0.0.1 at 2012-08-07 23:49:55 -0500
Served asset /users.css - 200 OK (1ms)


Started GET "/assets/jquery_ujs.js?body=1" for 127.0.0.1 at 2012-08-07 23:49:55 -0500
Served asset /jquery_ujs.js - 200 OK (3ms)


Started GET "/assets/bootstrap-transition.js?body=1" for 127.0.0.1 at 2012-08-07 23:49:55 -0500
Served asset /bootstrap-transition.js - 200 OK (32ms)


Started GET "/assets/bootstrap-alert.js?body=1" for 127.0.0.1 at 2012-08-07 23:49:55 -0500
Served asset /bootstrap-alert.js - 200 OK (3ms)


Started GET "/assets/bootstrap-button.js?body=1" for 127.0.0.1 at 2012-08-07 23:49:55 -0500
Served asset /bootstrap-button.js - 200 OK (2ms)


Started GET "/assets/bootstrap-collapse.js?body=1" for 127.0.0.1 at 2012-08-07 23:49:55 -0500
Served asset /bootstrap-collapse.js - 200 OK (2ms)


Started GET "/assets/bootstrap-carousel.js?body=1" for 127.0.0.1 at 2012-08-07 23:49:55 -0500
Served asset /bootstrap-carousel.js - 200 OK (4ms)


Started GET "/assets/bootstrap-dropdown.js?body=1" for 127.0.0.1 at 2012-08-07 23:49:55 -0500
Served asset /bootstrap-dropdown.js - 200 OK (1ms)


Started GET "/assets/bootstrap-modal.js?body=1" for 127.0.0.1 at 2012-08-07 23:49:55 -0500
Served asset /bootstrap-modal.js - 200 OK (2ms)


Started GET "/assets/bootstrap-scrollspy.js?body=1" for 127.0.0.1 at 2012-08-07 23:49:55 -0500
Served asset /bootstrap-scrollspy.js - 200 OK (4ms)


Started GET "/assets/bootstrap-tab.js?body=1" for 127.0.0.1 at 2012-08-07 23:49:55 -0500
Served asset /bootstrap-tab.js - 200 OK (2ms)


Started GET "/assets/bootstrap-tooltip.js?body=1" for 127.0.0.1 at 2012-08-07 23:49:55 -0500
Served asset /bootstrap-tooltip.js - 200 OK (2ms)


Started GET "/assets/bootstrap-popover.js?body=1" for 127.0.0.1 at 2012-08-07 23:49:55 -0500
Served asset /bootstrap-popover.js - 200 OK (3ms)


Started GET "/assets/bootstrap-typeahead.js?body=1" for 127.0.0.1 at 2012-08-07 23:49:55 -0500
Served asset /bootstrap-typeahead.js - 200 OK (3ms)


Started GET "/assets/bootstrap.js?body=1" for 127.0.0.1 at 2012-08-07 23:49:55 -0500
Served asset /bootstrap.js - 200 OK (12ms)


Started GET "/assets/home.js?body=1" for 127.0.0.1 at 2012-08-07 23:49:55 -0500
Served asset /home.js - 200 OK (1ms)


Started GET "/assets/users.js?body=1" for 127.0.0.1 at 2012-08-07 23:49:55 -0500
Served asset /users.js - 200 OK (1ms)


Started GET "/assets/application.js?body=1" for 127.0.0.1 at 2012-08-07 23:49:55 -0500
Served asset /application.js - 200 OK (19ms)
